<?xml version="1.0" encoding="UTF-8" standalone="yes"?>
<ns2:test-suite start="1515069575439" stop="1515072697768" version="1.4.16" xmlns:ns2="urn:model.allure.qatools.yandex.ru">
    <name>Default suite : Default test</name>
    <title>Default suite : Default test</title>
    <test-cases>
        <test-case start="1515069968948" stop="1515072697164" status="failed">
            <name>Extended_HealthModule_page_Ad</name>
            <title>Validating Extended Maps&amp;Radar page Ad</title>
            <failure>
                <message>AssertionError: Allergy Module spotlight ad not present</message>
                <stack-trace>java.lang.AssertionError: Allergy Module spotlight ad not present
	at org.testng.Assert.fail(Assert.java:93)
	at twc.Automation.HandleWithAppium.AppiumFunctions.Check_Allergy_spotAd(AppiumFunctions.java:674)
	at ANDROID_ARMS.ANDROID_ARMS.FeedAdVAlidationonUI.Extended_HealthModule_page_Ad(FeedAdVAlidationonUI.java:133)
	at sun.reflect.NativeMethodAccessorImpl.invoke0(Native Method)
	at sun.reflect.NativeMethodAccessorImpl.invoke(NativeMethodAccessorImpl.java:62)
	at sun.reflect.DelegatingMethodAccessorImpl.invoke(DelegatingMethodAccessorImpl.java:43)
	at java.lang.reflect.Method.invoke(Method.java:497)
	at org.testng.internal.MethodInvocationHelper.invokeMethod(MethodInvocationHelper.java:108)
	at org.testng.internal.Invoker.invokeMethod(Invoker.java:661)
	at org.testng.internal.Invoker.invokeTestMethod(Invoker.java:869)
	at org.testng.internal.Invoker.invokeTestMethods(Invoker.java:1193)
	at org.testng.internal.TestMethodWorker.invokeTestMethods(TestMethodWorker.java:126)
	at org.testng.internal.TestMethodWorker.run(TestMethodWorker.java:109)
	at org.testng.TestRunner.privateRun(TestRunner.java:744)
	at org.testng.TestRunner.run(TestRunner.java:602)
	at org.testng.SuiteRunner.runTest(SuiteRunner.java:380)
	at org.testng.SuiteRunner.runSequentially(SuiteRunner.java:375)
	at org.testng.SuiteRunner.privateRun(SuiteRunner.java:340)
	at org.testng.SuiteRunner.run(SuiteRunner.java:289)
	at org.testng.SuiteRunnerWorker.runSuite(SuiteRunnerWorker.java:52)
	at org.testng.SuiteRunnerWorker.run(SuiteRunnerWorker.java:86)
	at org.testng.TestNG.runSuitesSequentially(TestNG.java:1301)
	at org.testng.TestNG.runSuitesLocally(TestNG.java:1226)
	at org.testng.TestNG.runSuites(TestNG.java:1144)
	at org.testng.TestNG.run(TestNG.java:1115)
	at org.testng.remote.AbstractRemoteTestNG.run(AbstractRemoteTestNG.java:132)
	at org.testng.remote.RemoteTestNG.initAndRun(RemoteTestNG.java:230)
	at org.testng.remote.RemoteTestNG.main(RemoteTestNG.java:76)
</stack-trace>
            </failure>
            <steps/>
            <attachments/>
            <labels>
                <label name="host" value="ravis-MacBook-Pro.local"/>
                <label name="thread" value="5587@ravis-MacBook-Pro.local.main(1)"/>
            </labels>
        </test-case>
    </test-cases>
    <labels>
        <label name="framework" value="TestNG"/>
        <label name="language" value="JAVA"/>
    </labels>
</ns2:test-suite>
