<?xml version="1.0" encoding="UTF-8" standalone="yes"?>
<ns2:test-suite start="1499079953481" stop="1499081571858" version="1.4.16" xmlns:ns2="urn:model.allure.qatools.yandex.ru">
    <name>Default suite : Default test</name>
    <title>Default suite : Default test</title>
    <test-cases>
        <test-case start="1499080154617" stop="1499080330163" status="passed">
            <name>Validating_feed1</name>
            <title>Validating feed_1 Ad call</title>
            <steps/>
            <attachments/>
            <labels>
                <label name="host" value="vpathania-mpro.corp.weather.com"/>
                <label name="thread" value="4410@vpathania-mpro.corp.weather.com.main(1)"/>
            </labels>
        </test-case>
        <test-case start="1499080330214" stop="1499080404837" status="passed">
            <name>Validating_feed2</name>
            <title>Validating feed_2 Ad call</title>
            <steps/>
            <attachments/>
            <labels>
                <label name="host" value="vpathania-mpro.corp.weather.com"/>
                <label name="thread" value="4410@vpathania-mpro.corp.weather.com.main(1)"/>
            </labels>
        </test-case>
        <test-case start="1499080404841" stop="1499080488062" status="passed">
            <name>Validating_feed3</name>
            <title>Validating feed_3 Ad call</title>
            <steps/>
            <attachments/>
            <labels>
                <label name="host" value="vpathania-mpro.corp.weather.com"/>
                <label name="thread" value="4410@vpathania-mpro.corp.weather.com.main(1)"/>
            </labels>
        </test-case>
        <test-case start="1499080488065" stop="1499080714347" status="passed">
            <name>Validating_feed4</name>
            <title>Validating feed_3 Ad call</title>
            <steps/>
            <attachments/>
            <labels>
                <label name="host" value="vpathania-mpro.corp.weather.com"/>
                <label name="thread" value="4410@vpathania-mpro.corp.weather.com.main(1)"/>
            </labels>
        </test-case>
        <test-case start="1499080714350" stop="1499080919807" status="passed">
            <name>Extended_hourly_page_Ad</name>
            <title>Validating Extended hourly page Ad</title>
            <steps/>
            <attachments/>
            <labels>
                <label name="host" value="vpathania-mpro.corp.weather.com"/>
                <label name="thread" value="4410@vpathania-mpro.corp.weather.com.main(1)"/>
            </labels>
        </test-case>
        <test-case start="1499080919810" stop="1499080939340" status="passed">
            <name>Extended_Daily_page_Ad</name>
            <title>Validating Extended Daily page Ad</title>
            <steps/>
            <attachments/>
            <labels>
                <label name="host" value="vpathania-mpro.corp.weather.com"/>
                <label name="thread" value="4410@vpathania-mpro.corp.weather.com.main(1)"/>
            </labels>
        </test-case>
        <test-case start="1499080939342" stop="1499081231635" status="passed">
            <name>Extended_Maps_Radar_page_Ad</name>
            <title>Validating Extended Maps&amp;Radar page Ad</title>
            <steps/>
            <attachments/>
            <labels>
                <label name="host" value="vpathania-mpro.corp.weather.com"/>
                <label name="thread" value="4410@vpathania-mpro.corp.weather.com.main(1)"/>
            </labels>
        </test-case>
        <test-case start="1499081231638" stop="1499081534943" status="passed">
            <name>Health_Allergy_page_Ad</name>
            <title>Validating Extended Health Module Allergy page Ad</title>
            <steps/>
            <attachments/>
            <labels>
                <label name="host" value="vpathania-mpro.corp.weather.com"/>
                <label name="thread" value="4410@vpathania-mpro.corp.weather.com.main(1)"/>
            </labels>
        </test-case>
        <test-case start="1499081534946" stop="1499081571841" status="passed">
            <name>HealthCold_Flu_page_Ad</name>
            <title>Validating Extended Health Module Allergy page Ad</title>
            <steps/>
            <attachments/>
            <labels>
                <label name="host" value="vpathania-mpro.corp.weather.com"/>
                <label name="thread" value="4410@vpathania-mpro.corp.weather.com.main(1)"/>
            </labels>
        </test-case>
        <test-case start="1499081571845" stop="1499081571847" status="failed">
            <name>End_Test</name>
            <description>@AfterTest</description>
            <failure>
                <message>AssertionError: The following asserts failed:
	feed1 ad not present,
	feed2 ad not present,
	feed3 ad not present,
	feed4 ad not present</message>
                <stack-trace>java.lang.AssertionError: The following asserts failed:
	feed1 ad not present,
	feed2 ad not present,
	feed3 ad not present,
	feed4 ad not present
	at org.testng.asserts.SoftAssert.assertAll(SoftAssert.java:43)
	at ANDROID_ARMS.ANDROID_ARMS.FeedAdVAlidationonUI.End_Test(FeedAdVAlidationonUI.java:194)
	at sun.reflect.NativeMethodAccessorImpl.invoke0(Native Method)
	at sun.reflect.NativeMethodAccessorImpl.invoke(NativeMethodAccessorImpl.java:62)
	at sun.reflect.DelegatingMethodAccessorImpl.invoke(DelegatingMethodAccessorImpl.java:43)
	at java.lang.reflect.Method.invoke(Method.java:497)
	at org.testng.internal.MethodInvocationHelper.invokeMethod(MethodInvocationHelper.java:86)
	at org.testng.internal.Invoker.invokeConfigurationMethod(Invoker.java:514)
	at org.testng.internal.Invoker.invokeConfigurations(Invoker.java:215)
	at org.testng.internal.Invoker.invokeConfigurations(Invoker.java:142)
	at org.testng.TestRunner.afterRun(TestRunner.java:1012)
	at org.testng.TestRunner.run(TestRunner.java:636)
	at org.testng.SuiteRunner.runTest(SuiteRunner.java:366)
	at org.testng.SuiteRunner.runSequentially(SuiteRunner.java:361)
	at org.testng.SuiteRunner.privateRun(SuiteRunner.java:319)
	at org.testng.SuiteRunner.run(SuiteRunner.java:268)
	at org.testng.SuiteRunnerWorker.runSuite(SuiteRunnerWorker.java:52)
	at org.testng.SuiteRunnerWorker.run(SuiteRunnerWorker.java:86)
	at org.testng.TestNG.runSuitesSequentially(TestNG.java:1244)
	at org.testng.TestNG.runSuitesLocally(TestNG.java:1169)
	at org.testng.TestNG.run(TestNG.java:1064)
	at org.testng.remote.RemoteTestNG.run(RemoteTestNG.java:113)
	at org.testng.remote.RemoteTestNG.initAndRun(RemoteTestNG.java:206)
	at org.testng.remote.RemoteTestNG.main(RemoteTestNG.java:177)
</stack-trace>
            </failure>
            <steps/>
            <attachments/>
            <labels>
                <label name="host" value="vpathania-mpro.corp.weather.com"/>
                <label name="thread" value="4410@vpathania-mpro.corp.weather.com.main(1)"/>
            </labels>
        </test-case>
    </test-cases>
    <labels>
        <label name="framework" value="TestNG"/>
        <label name="language" value="JAVA"/>
    </labels>
</ns2:test-suite>
