-------------------------------------------------------------------------------
Test set: TestSuite
-------------------------------------------------------------------------------
Tests run: 10, Failures: 10, Errors: 0, Skipped: 0, Time elapsed: 79.986 sec <<< FAILURE!
Validating_feed1(ANDROID_ARMS.ANDROID_ARMS.FeedAdVAlidationonUI)  Time elapsed: 15.559 sec  <<< FAILURE!
java.lang.NullPointerException
	at twc.Automation.HandleWithAppium.AppiumFunctions.selectlocation(AppiumFunctions.java:544)
	at ANDROID_ARMS.ANDROID_ARMS.FeedAdVAlidationonUI.Validating_feed1(FeedAdVAlidationonUI.java:36)

Validating_feed2(ANDROID_ARMS.ANDROID_ARMS.FeedAdVAlidationonUI)  Time elapsed: 0.022 sec  <<< FAILURE!
java.lang.NullPointerException
	at twc.Automation.HandleWithApp.AppFunctions.Swipe(AppFunctions.java:810)
	at twc.Automation.HandleWithApp.AppFunctions.SwipeUp_Counter(AppFunctions.java:605)
	at ANDROID_ARMS.ANDROID_ARMS.FeedAdVAlidationonUI.Validating_feed2(FeedAdVAlidationonUI.java:51)

Validating_feed3(ANDROID_ARMS.ANDROID_ARMS.FeedAdVAlidationonUI)  Time elapsed: 0.001 sec  <<< FAILURE!
java.lang.NullPointerException
	at twc.Automation.HandleWithApp.AppFunctions.Swipe(AppFunctions.java:810)
	at twc.Automation.HandleWithApp.AppFunctions.SwipeUp_Counter(AppFunctions.java:605)
	at ANDROID_ARMS.ANDROID_ARMS.FeedAdVAlidationonUI.Validating_feed3(FeedAdVAlidationonUI.java:64)

Validating_feed4(ANDROID_ARMS.ANDROID_ARMS.FeedAdVAlidationonUI)  Time elapsed: 0.011 sec  <<< FAILURE!
java.lang.NullPointerException
	at twc.Automation.HandleWithAppium.AppiumFunctions.screenShot_fail(AppiumFunctions.java:571)
	at twc.Automation.HandleWithAppium.AppiumFunctions.Check_feed4_ad(AppiumFunctions.java:419)
	at ANDROID_ARMS.ANDROID_ARMS.FeedAdVAlidationonUI.Validating_feed4(FeedAdVAlidationonUI.java:77)

Extended_hourly_page_Ad(ANDROID_ARMS.ANDROID_ARMS.FeedAdVAlidationonUI)  Time elapsed: 0.001 sec  <<< FAILURE!
java.lang.NullPointerException
	at twc.Automation.HandleWithApp.AppFunctions.Swipe(AppFunctions.java:810)
	at twc.Automation.HandleWithApp.AppFunctions.SwipeUp_Counter_hourly_submodules(AppFunctions.java:617)
	at ANDROID_ARMS.ANDROID_ARMS.FeedAdVAlidationonUI.Extended_hourly_page_Ad(FeedAdVAlidationonUI.java:88)

Extended_Daily_page_Ad(ANDROID_ARMS.ANDROID_ARMS.FeedAdVAlidationonUI)  Time elapsed: 0.001 sec  <<< FAILURE!
java.lang.NullPointerException
	at twc.Automation.HandleWithApp.AppFunctions.Swipe(AppFunctions.java:810)
	at twc.Automation.HandleWithApp.AppFunctions.SwipeUp_Counter_Daily_submodule(AppFunctions.java:645)
	at ANDROID_ARMS.ANDROID_ARMS.FeedAdVAlidationonUI.Extended_Daily_page_Ad(FeedAdVAlidationonUI.java:98)

Extended_Maps_Radar_page_Ad(ANDROID_ARMS.ANDROID_ARMS.FeedAdVAlidationonUI)  Time elapsed: 0.001 sec  <<< FAILURE!
java.lang.NullPointerException
	at twc.Automation.HandleWithApp.AppFunctions.Swipe(AppFunctions.java:810)
	at twc.Automation.HandleWithApp.AppFunctions.SwipeUp_Counter_Maps_submodule(AppFunctions.java:671)
	at ANDROID_ARMS.ANDROID_ARMS.FeedAdVAlidationonUI.Extended_Maps_Radar_page_Ad(FeedAdVAlidationonUI.java:107)

Health_Allergy_page_Ad(ANDROID_ARMS.ANDROID_ARMS.FeedAdVAlidationonUI)  Time elapsed: 0.029 sec  <<< FAILURE!
java.lang.NullPointerException
	at com.google.common.base.Preconditions.checkNotNull(Preconditions.java:213)
	at org.openqa.selenium.support.ui.FluentWait.<init>(FluentWait.java:102)
	at org.openqa.selenium.support.ui.WebDriverWait.<init>(WebDriverWait.java:71)
	at org.openqa.selenium.support.ui.WebDriverWait.<init>(WebDriverWait.java:45)
	at twc.Automation.HandleWithApp.AppFunctions.Change_to_Test_Mode(AppFunctions.java:1126)
	at ANDROID_ARMS.ANDROID_ARMS.FeedAdVAlidationonUI.Health_Allergy_page_Ad(FeedAdVAlidationonUI.java:118)

HealthCold_Flu_page_Ad(ANDROID_ARMS.ANDROID_ARMS.FeedAdVAlidationonUI)  Time elapsed: 0.02 sec  <<< FAILURE!
java.lang.NullPointerException
	at twc.Automation.HandleWithApp.AppFunctions.Swipe(AppFunctions.java:810)
	at twc.Automation.HandleWithApp.AppFunctions.clickOnModule(AppFunctions.java:226)
	at ANDROID_ARMS.ANDROID_ARMS.FeedAdVAlidationonUI.HealthCold_Flu_page_Ad(FeedAdVAlidationonUI.java:136)

End_Test(ANDROID_ARMS.ANDROID_ARMS.FeedAdVAlidationonUI)  Time elapsed: 0.026 sec  <<< FAILURE!
java.lang.AssertionError: The following asserts failed:
feed4 ad not present
	at org.testng.asserts.SoftAssert.assertAll(SoftAssert.java:38)
	at ANDROID_ARMS.ANDROID_ARMS.FeedAdVAlidationonUI.End_Test(FeedAdVAlidationonUI.java:193)

